c:\users\rufob\documents\github\collapsedfragment\src\x64\debug\vc142.pdb
c:\users\rufob\documents\github\collapsedfragment\src\x64\debug\vc142.idb
c:\users\rufob\documents\github\collapsedfragment\src\x64\debug\timer.obj
c:\users\rufob\documents\github\collapsedfragment\src\x64\debug\timeofday.obj
c:\users\rufob\documents\github\collapsedfragment\src\x64\debug\thread.obj
c:\users\rufob\documents\github\collapsedfragment\src\x64\debug\simple_game.obj
c:\users\rufob\documents\github\collapsedfragment\src\x64\debug\semaphore.obj
c:\users\rufob\documents\github\collapsedfragment\src\x64\debug\render.obj
c:\users\rufob\documents\github\collapsedfragment\src\x64\debug\queue.obj
c:\users\rufob\documents\github\collapsedfragment\src\x64\debug\quatf.obj
c:\users\rufob\documents\github\collapsedfragment\src\x64\debug\mutex.obj
c:\users\rufob\documents\github\collapsedfragment\src\x64\debug\mat4f.obj
c:\users\rufob\documents\github\collapsedfragment\src\x64\debug\main.obj
c:\users\rufob\documents\github\collapsedfragment\src\x64\debug\lz4.obj
c:\users\rufob\documents\github\collapsedfragment\src\x64\debug\lecture7.obj
c:\users\rufob\documents\github\collapsedfragment\src\x64\debug\heap.obj
c:\users\rufob\documents\github\collapsedfragment\src\x64\debug\gpu.obj
c:\users\rufob\documents\github\collapsedfragment\src\x64\debug\fs.obj
c:\users\rufob\documents\github\collapsedfragment\src\x64\debug\event.obj
c:\users\rufob\documents\github\collapsedfragment\src\x64\debug\ecs.obj
c:\users\rufob\documents\github\collapsedfragment\src\x64\debug\debug.obj
c:\users\rufob\documents\github\collapsedfragment\src\x64\debug\atomic.obj
c:\users\rufob\documents\github\collapsedfragment\src\x64\debug\wm.obj
c:\users\rufob\documents\github\collapsedfragment\src\x64\debug\transform.obj
c:\users\rufob\documents\github\collapsedfragment\src\x64\debug\trace.obj
c:\users\rufob\documents\github\collapsedfragment\src\x64\debug\tlsf.obj
c:\users\rufob\documents\github\collapsedfragment\src\x64\debug\timer_object.obj
c:\users\rufob\documents\github\collapsedfragment\src\shaders\triangle.frag.spv
c:\users\rufob\documents\github\collapsedfragment\src\shaders\triangle.vert.spv
c:\users\rufob\documents\github\collapsedfragment\src\x64\debug\ga2022.pdb
c:\users\rufob\documents\github\collapsedfragment\src\x64\debug\ga2022.tlog\cl.command.1.tlog
c:\users\rufob\documents\github\collapsedfragment\src\x64\debug\ga2022.tlog\cl.read.1.tlog
c:\users\rufob\documents\github\collapsedfragment\src\x64\debug\ga2022.tlog\cl.write.1.tlog
c:\users\rufob\documents\github\collapsedfragment\src\x64\debug\ga2022.tlog\custombuild.command.1.tlog
c:\users\rufob\documents\github\collapsedfragment\src\x64\debug\ga2022.tlog\custombuild.read.1.tlog
c:\users\rufob\documents\github\collapsedfragment\src\x64\debug\ga2022.tlog\custombuild.write.1.tlog
c:\users\rufob\documents\github\collapsedfragment\src\x64\debug\ga2022.tlog\link-cvtres.read.3.tlog
c:\users\rufob\documents\github\collapsedfragment\src\x64\debug\ga2022.tlog\link-cvtres.write.3.tlog
c:\users\rufob\documents\github\collapsedfragment\src\x64\debug\ga2022.tlog\link-rc.read.3.tlog
c:\users\rufob\documents\github\collapsedfragment\src\x64\debug\ga2022.tlog\link-rc.write.3.tlog
c:\users\rufob\documents\github\collapsedfragment\src\x64\debug\ga2022.tlog\link.command.1.tlog
c:\users\rufob\documents\github\collapsedfragment\src\x64\debug\ga2022.tlog\link.read.1.tlog
c:\users\rufob\documents\github\collapsedfragment\src\x64\debug\ga2022.tlog\link.write.1.tlog
